<?xml version="1.0" encoding="UTF-8"?>
<testng-results ignored="0" total="12" passed="12" failed="0" skipped="0">
  <reporter-output>
  </reporter-output>
  <suite started-at="2026-06-11T16:40:13 IST" name="Default suite" finished-at="2026-06-11T16:41:16 IST" duration-ms="63380">
    <groups>
      <group name="negative">
        <method signature="ParaBankTest.invalidLoginTest(java.lang.String,java.lang.String)[pri:2, instance:test.ParaBankTest@201b6b6f]" name="invalidLoginTest" class="test.ParaBankTest"/>
      </group> <!-- negative -->
      <group name="account-services">
        <method signature="ParaBankTest.findTransactionTest(java.lang.String,java.lang.String,java.lang.String,java.lang.String,java.lang.String,java.lang.String,java.lang.String,java.lang.String,java.lang.String,java.lang.String,java.lang.String)[pri:7, instance:test.ParaBankTest@201b6b6f]" name="findTransactionTest" class="test.ParaBankTest"/>
        <method signature="ParaBankTest.updateContactInfoTest(java.lang.String,java.lang.String,java.lang.String,java.lang.String,java.lang.String,java.lang.String,java.lang.String,java.lang.String,java.lang.String,java.lang.String,java.lang.String,java.lang.String,java.lang.String,java.lang.String,java.lang.String,java.lang.String,java.lang.String)[pri:8, instance:test.ParaBankTest@201b6b6f]" name="updateContactInfoTest" class="test.ParaBankTest"/>
        <method signature="ParaBankTest.requestLoanTest(java.lang.String,java.lang.String,java.lang.String,java.lang.String,java.lang.String,java.lang.String,java.lang.String,java.lang.String,java.lang.String,java.lang.String,java.lang.String,java.lang.String)[pri:9, instance:test.ParaBankTest@201b6b6f]" name="requestLoanTest" class="test.ParaBankTest"/>
      </group> <!-- account-services -->
      <group name="regression">
        <method signature="ParaBankTest.openNewSavingsAccountTest(java.lang.String,java.lang.String,java.lang.String,java.lang.String,java.lang.String,java.lang.String,java.lang.String,java.lang.String,java.lang.String,java.lang.String)[pri:4, instance:test.ParaBankTest@201b6b6f]" name="openNewSavingsAccountTest" class="test.ParaBankTest"/>
        <method signature="ParaBankTest.transferFundsTest(java.lang.String,java.lang.String,java.lang.String,java.lang.String,java.lang.String,java.lang.String,java.lang.String,java.lang.String,java.lang.String,java.lang.String,java.lang.String)[pri:5, instance:test.ParaBankTest@201b6b6f]" name="transferFundsTest" class="test.ParaBankTest"/>
        <method signature="ParaBankTest.billPaymentTest(java.lang.String,java.lang.String,java.lang.String,java.lang.String,java.lang.String,java.lang.String,java.lang.String,java.lang.String,java.lang.String,java.lang.String,java.lang.String,java.lang.String)[pri:6, instance:test.ParaBankTest@201b6b6f]" name="billPaymentTest" class="test.ParaBankTest"/>
        <method signature="ParaBankTest.findTransactionTest(java.lang.String,java.lang.String,java.lang.String,java.lang.String,java.lang.String,java.lang.String,java.lang.String,java.lang.String,java.lang.String,java.lang.String,java.lang.String)[pri:7, instance:test.ParaBankTest@201b6b6f]" name="findTransactionTest" class="test.ParaBankTest"/>
        <method signature="ParaBankTest.updateContactInfoTest(java.lang.String,java.lang.String,java.lang.String,java.lang.String,java.lang.String,java.lang.String,java.lang.String,java.lang.String,java.lang.String,java.lang.String,java.lang.String,java.lang.String,java.lang.String,java.lang.String,java.lang.String,java.lang.String,java.lang.String)[pri:8, instance:test.ParaBankTest@201b6b6f]" name="updateContactInfoTest" class="test.ParaBankTest"/>
        <method signature="ParaBankTest.requestLoanTest(java.lang.String,java.lang.String,java.lang.String,java.lang.String,java.lang.String,java.lang.String,java.lang.String,java.lang.String,java.lang.String,java.lang.String,java.lang.String,java.lang.String)[pri:9, instance:test.ParaBankTest@201b6b6f]" name="requestLoanTest" class="test.ParaBankTest"/>
      </group> <!-- regression -->
      <group name="smoke">
        <method signature="ParaBankTest.registerNewCustomer(java.lang.String,java.lang.String,java.lang.String,java.lang.String,java.lang.String,java.lang.String,java.lang.String,java.lang.String,java.lang.String,java.lang.String)[pri:1, instance:test.ParaBankTest@201b6b6f]" name="registerNewCustomer" class="test.ParaBankTest"/>
        <method signature="ParaBankTest.validLoginTest(java.lang.String,java.lang.String,java.lang.String,java.lang.String,java.lang.String,java.lang.String,java.lang.String,java.lang.String,java.lang.String,java.lang.String)[pri:3, instance:test.ParaBankTest@201b6b6f]" name="validLoginTest" class="test.ParaBankTest"/>
        <method signature="ParaBankTest.logoutTest(java.lang.String,java.lang.String,java.lang.String,java.lang.String,java.lang.String,java.lang.String,java.lang.String,java.lang.String,java.lang.String,java.lang.String)[pri:10, instance:test.ParaBankTest@201b6b6f]" name="logoutTest" class="test.ParaBankTest"/>
      </group> <!-- smoke -->
      <group name="registration">
        <method signature="ParaBankTest.registerNewCustomer(java.lang.String,java.lang.String,java.lang.String,java.lang.String,java.lang.String,java.lang.String,java.lang.String,java.lang.String,java.lang.String,java.lang.String)[pri:1, instance:test.ParaBankTest@201b6b6f]" name="registerNewCustomer" class="test.ParaBankTest"/>
      </group> <!-- registration -->
      <group name="login">
        <method signature="ParaBankTest.validLoginTest(java.lang.String,java.lang.String,java.lang.String,java.lang.String,java.lang.String,java.lang.String,java.lang.String,java.lang.String,java.lang.String,java.lang.String)[pri:3, instance:test.ParaBankTest@201b6b6f]" name="validLoginTest" class="test.ParaBankTest"/>
      </group> <!-- login -->
    </groups>
    <test started-at="2026-06-11T16:40:13 IST" name="Default test" finished-at="2026-06-11T16:41:16 IST" duration-ms="63380">
      <class name="test.ParaBankTest">
        <test-method is-config="true" signature="setUp(java.lang.String)[pri:0, instance:test.ParaBankTest@201b6b6f]" started-at="2026-06-11T16:40:13 IST" name="setUp" finished-at="2026-06-11T16:40:17 IST" duration-ms="4219" status="PASS">
          <params>
            <param index="0">
              <value>
                <![CDATA[]]>
              </value>
            </param>
          </params>
          <reporter-output>
          </reporter-output>
        </test-method> <!-- setUp -->
        <test-method signature="registerNewCustomer(java.lang.String,java.lang.String,java.lang.String,java.lang.String,java.lang.String,java.lang.String,java.lang.String,java.lang.String,java.lang.String,java.lang.String)[pri:1, instance:test.ParaBankTest@201b6b6f]" started-at="2026-06-11T16:40:17 IST" name="registerNewCustomer" data-provider="registrationData" finished-at="2026-06-11T16:40:19 IST" duration-ms="1986" status="PASS">
          <params>
            <param index="0">
              <value>
                <![CDATA[Pankaj]]>
              </value>
            </param>
            <param index="1">
              <value>
                <![CDATA[Vishwakarma]]>
              </value>
            </param>
            <param index="2">
              <value>
                <![CDATA[Street 1]]>
              </value>
            </param>
            <param index="3">
              <value>
                <![CDATA[Lucknow]]>
              </value>
            </param>
            <param index="4">
              <value>
                <![CDATA[UP]]>
              </value>
            </param>
            <param index="5">
              <value>
                <![CDATA[226001]]>
              </value>
            </param>
            <param index="6">
              <value>
                <![CDATA[9999999999]]>
              </value>
            </param>
            <param index="7">
              <value>
                <![CDATA[123456789]]>
              </value>
            </param>
            <param index="8">
              <value>
                <![CDATA[testuser]]>
              </value>
            </param>
            <param index="9">
              <value>
                <![CDATA[Test@123]]>
              </value>
            </param>
          </params>
          <reporter-output>
          </reporter-output>
        </test-method> <!-- registerNewCustomer -->
        <test-method is-config="true" signature="tearDown()[pri:0, instance:test.ParaBankTest@201b6b6f]" started-at="2026-06-11T16:40:19 IST" name="tearDown" finished-at="2026-06-11T16:40:19 IST" duration-ms="96" status="PASS">
          <reporter-output>
          </reporter-output>
        </test-method> <!-- tearDown -->
        <test-method is-config="true" signature="setUp(java.lang.String)[pri:0, instance:test.ParaBankTest@201b6b6f]" started-at="2026-06-11T16:40:19 IST" name="setUp" finished-at="2026-06-11T16:40:21 IST" duration-ms="1698" status="PASS">
          <params>
            <param index="0">
              <value>
                <![CDATA[]]>
              </value>
            </param>
          </params>
          <reporter-output>
          </reporter-output>
        </test-method> <!-- setUp -->
        <test-method signature="invalidLoginTest(java.lang.String,java.lang.String)[pri:2, instance:test.ParaBankTest@201b6b6f]" started-at="2026-06-11T16:40:21 IST" name="invalidLoginTest" data-provider="invalidLoginData" finished-at="2026-06-11T16:40:23 IST" duration-ms="1992" status="PASS">
          <params>
            <param index="0">
              <value>
                <![CDATA[wrong_User]]>
              </value>
            </param>
            <param index="1">
              <value>
                <![CDATA[wrong_Pass]]>
              </value>
            </param>
          </params>
          <reporter-output>
          </reporter-output>
        </test-method> <!-- invalidLoginTest -->
        <test-method is-config="true" signature="tearDown()[pri:0, instance:test.ParaBankTest@201b6b6f]" started-at="2026-06-11T16:40:23 IST" name="tearDown" finished-at="2026-06-11T16:40:23 IST" duration-ms="90" status="PASS">
          <reporter-output>
          </reporter-output>
        </test-method> <!-- tearDown -->
        <test-method is-config="true" signature="setUp(java.lang.String)[pri:0, instance:test.ParaBankTest@201b6b6f]" started-at="2026-06-11T16:40:23 IST" name="setUp" finished-at="2026-06-11T16:40:24 IST" duration-ms="1561" status="PASS">
          <params>
            <param index="0">
              <value>
                <![CDATA[]]>
              </value>
            </param>
          </params>
          <reporter-output>
          </reporter-output>
        </test-method> <!-- setUp -->
        <test-method signature="invalidLoginTest(java.lang.String,java.lang.String)[pri:2, instance:test.ParaBankTest@201b6b6f]" started-at="2026-06-11T16:40:24 IST" name="invalidLoginTest" data-provider="invalidLoginData" finished-at="2026-06-11T16:40:27 IST" duration-ms="2062" status="PASS">
          <params>
            <param index="0">
              <value>
                <![CDATA[]]>
              </value>
            </param>
            <param index="1">
              <value>
                <![CDATA[wrong_Pass]]>
              </value>
            </param>
          </params>
          <reporter-output>
          </reporter-output>
        </test-method> <!-- invalidLoginTest -->
        <test-method is-config="true" signature="tearDown()[pri:0, instance:test.ParaBankTest@201b6b6f]" started-at="2026-06-11T16:40:27 IST" name="tearDown" finished-at="2026-06-11T16:40:27 IST" duration-ms="90" status="PASS">
          <reporter-output>
          </reporter-output>
        </test-method> <!-- tearDown -->
        <test-method is-config="true" signature="setUp(java.lang.String)[pri:0, instance:test.ParaBankTest@201b6b6f]" started-at="2026-06-11T16:40:27 IST" name="setUp" finished-at="2026-06-11T16:40:28 IST" duration-ms="1544" status="PASS">
          <params>
            <param index="0">
              <value>
                <![CDATA[]]>
              </value>
            </param>
          </params>
          <reporter-output>
          </reporter-output>
        </test-method> <!-- setUp -->
        <test-method signature="invalidLoginTest(java.lang.String,java.lang.String)[pri:2, instance:test.ParaBankTest@201b6b6f]" started-at="2026-06-11T16:40:28 IST" name="invalidLoginTest" data-provider="invalidLoginData" finished-at="2026-06-11T16:40:30 IST" duration-ms="2254" status="PASS">
          <params>
            <param index="0">
              <value>
                <![CDATA[wrongUser_]]>
              </value>
            </param>
            <param index="1">
              <value>
                <![CDATA[wrong_Pass]]>
              </value>
            </param>
          </params>
          <reporter-output>
          </reporter-output>
        </test-method> <!-- invalidLoginTest -->
        <test-method is-config="true" signature="tearDown()[pri:0, instance:test.ParaBankTest@201b6b6f]" started-at="2026-06-11T16:40:30 IST" name="tearDown" finished-at="2026-06-11T16:40:31 IST" duration-ms="87" status="PASS">
          <reporter-output>
          </reporter-output>
        </test-method> <!-- tearDown -->
        <test-method is-config="true" signature="setUp(java.lang.String)[pri:0, instance:test.ParaBankTest@201b6b6f]" started-at="2026-06-11T16:40:31 IST" name="setUp" finished-at="2026-06-11T16:40:33 IST" duration-ms="2914" status="PASS">
          <params>
            <param index="0">
              <value>
                <![CDATA[]]>
              </value>
            </param>
          </params>
          <reporter-output>
          </reporter-output>
        </test-method> <!-- setUp -->
        <test-method signature="validLoginTest(java.lang.String,java.lang.String,java.lang.String,java.lang.String,java.lang.String,java.lang.String,java.lang.String,java.lang.String,java.lang.String,java.lang.String)[pri:3, instance:test.ParaBankTest@201b6b6f]" started-at="2026-06-11T16:40:33 IST" name="validLoginTest" data-provider="registrationData" finished-at="2026-06-11T16:40:36 IST" duration-ms="2349" status="PASS">
          <params>
            <param index="0">
              <value>
                <![CDATA[Pankaj]]>
              </value>
            </param>
            <param index="1">
              <value>
                <![CDATA[Vishwakarma]]>
              </value>
            </param>
            <param index="2">
              <value>
                <![CDATA[Street 1]]>
              </value>
            </param>
            <param index="3">
              <value>
                <![CDATA[Lucknow]]>
              </value>
            </param>
            <param index="4">
              <value>
                <![CDATA[UP]]>
              </value>
            </param>
            <param index="5">
              <value>
                <![CDATA[226001]]>
              </value>
            </param>
            <param index="6">
              <value>
                <![CDATA[9999999999]]>
              </value>
            </param>
            <param index="7">
              <value>
                <![CDATA[123456789]]>
              </value>
            </param>
            <param index="8">
              <value>
                <![CDATA[testuser]]>
              </value>
            </param>
            <param index="9">
              <value>
                <![CDATA[Test@123]]>
              </value>
            </param>
          </params>
          <reporter-output>
          </reporter-output>
        </test-method> <!-- validLoginTest -->
        <test-method is-config="true" signature="tearDown()[pri:0, instance:test.ParaBankTest@201b6b6f]" started-at="2026-06-11T16:40:36 IST" name="tearDown" finished-at="2026-06-11T16:40:36 IST" duration-ms="90" status="PASS">
          <reporter-output>
          </reporter-output>
        </test-method> <!-- tearDown -->
        <test-method is-config="true" signature="setUp(java.lang.String)[pri:0, instance:test.ParaBankTest@201b6b6f]" started-at="2026-06-11T16:40:36 IST" name="setUp" finished-at="2026-06-11T16:40:39 IST" duration-ms="3206" status="PASS">
          <params>
            <param index="0">
              <value>
                <![CDATA[]]>
              </value>
            </param>
          </params>
          <reporter-output>
          </reporter-output>
        </test-method> <!-- setUp -->
        <test-method signature="openNewSavingsAccountTest(java.lang.String,java.lang.String,java.lang.String,java.lang.String,java.lang.String,java.lang.String,java.lang.String,java.lang.String,java.lang.String,java.lang.String)[pri:4, instance:test.ParaBankTest@201b6b6f]" started-at="2026-06-11T16:40:39 IST" name="openNewSavingsAccountTest" data-provider="registrationData" finished-at="2026-06-11T16:40:41 IST" duration-ms="2270" status="PASS">
          <params>
            <param index="0">
              <value>
                <![CDATA[Pankaj]]>
              </value>
            </param>
            <param index="1">
              <value>
                <![CDATA[Vishwakarma]]>
              </value>
            </param>
            <param index="2">
              <value>
                <![CDATA[Street 1]]>
              </value>
            </param>
            <param index="3">
              <value>
                <![CDATA[Lucknow]]>
              </value>
            </param>
            <param index="4">
              <value>
                <![CDATA[UP]]>
              </value>
            </param>
            <param index="5">
              <value>
                <![CDATA[226001]]>
              </value>
            </param>
            <param index="6">
              <value>
                <![CDATA[9999999999]]>
              </value>
            </param>
            <param index="7">
              <value>
                <![CDATA[123456789]]>
              </value>
            </param>
            <param index="8">
              <value>
                <![CDATA[testuser]]>
              </value>
            </param>
            <param index="9">
              <value>
                <![CDATA[Test@123]]>
              </value>
            </param>
          </params>
          <reporter-output>
          </reporter-output>
        </test-method> <!-- openNewSavingsAccountTest -->
        <test-method is-config="true" signature="tearDown()[pri:0, instance:test.ParaBankTest@201b6b6f]" started-at="2026-06-11T16:40:41 IST" name="tearDown" finished-at="2026-06-11T16:40:41 IST" duration-ms="90" status="PASS">
          <reporter-output>
          </reporter-output>
        </test-method> <!-- tearDown -->
        <test-method is-config="true" signature="setUp(java.lang.String)[pri:0, instance:test.ParaBankTest@201b6b6f]" started-at="2026-06-11T16:40:41 IST" name="setUp" finished-at="2026-06-11T16:40:43 IST" duration-ms="1677" status="PASS">
          <params>
            <param index="0">
              <value>
                <![CDATA[]]>
              </value>
            </param>
          </params>
          <reporter-output>
          </reporter-output>
        </test-method> <!-- setUp -->
        <test-method signature="transferFundsTest(java.lang.String,java.lang.String,java.lang.String,java.lang.String,java.lang.String,java.lang.String,java.lang.String,java.lang.String,java.lang.String,java.lang.String,java.lang.String)[pri:5, instance:test.ParaBankTest@201b6b6f]" started-at="2026-06-11T16:40:43 IST" name="transferFundsTest" data-provider="transferFundsData" finished-at="2026-06-11T16:40:47 IST" duration-ms="4164" status="PASS">
          <params>
            <param index="0">
              <value>
                <![CDATA[Pankaj]]>
              </value>
            </param>
            <param index="1">
              <value>
                <![CDATA[Vishwakarma]]>
              </value>
            </param>
            <param index="2">
              <value>
                <![CDATA[Street 1]]>
              </value>
            </param>
            <param index="3">
              <value>
                <![CDATA[Lucknow]]>
              </value>
            </param>
            <param index="4">
              <value>
                <![CDATA[UP]]>
              </value>
            </param>
            <param index="5">
              <value>
                <![CDATA[226001]]>
              </value>
            </param>
            <param index="6">
              <value>
                <![CDATA[9999999999]]>
              </value>
            </param>
            <param index="7">
              <value>
                <![CDATA[123456789]]>
              </value>
            </param>
            <param index="8">
              <value>
                <![CDATA[testuser]]>
              </value>
            </param>
            <param index="9">
              <value>
                <![CDATA[Test@123]]>
              </value>
            </param>
            <param index="10">
              <value>
                <![CDATA[10]]>
              </value>
            </param>
          </params>
          <reporter-output>
          </reporter-output>
        </test-method> <!-- transferFundsTest -->
        <test-method is-config="true" signature="tearDown()[pri:0, instance:test.ParaBankTest@201b6b6f]" started-at="2026-06-11T16:40:47 IST" name="tearDown" finished-at="2026-06-11T16:40:47 IST" duration-ms="83" status="PASS">
          <reporter-output>
          </reporter-output>
        </test-method> <!-- tearDown -->
        <test-method is-config="true" signature="setUp(java.lang.String)[pri:0, instance:test.ParaBankTest@201b6b6f]" started-at="2026-06-11T16:40:47 IST" name="setUp" finished-at="2026-06-11T16:40:49 IST" duration-ms="1656" status="PASS">
          <params>
            <param index="0">
              <value>
                <![CDATA[]]>
              </value>
            </param>
          </params>
          <reporter-output>
          </reporter-output>
        </test-method> <!-- setUp -->
        <test-method signature="billPaymentTest(java.lang.String,java.lang.String,java.lang.String,java.lang.String,java.lang.String,java.lang.String,java.lang.String,java.lang.String,java.lang.String,java.lang.String,java.lang.String,java.lang.String)[pri:6, instance:test.ParaBankTest@201b6b6f]" started-at="2026-06-11T16:40:49 IST" name="billPaymentTest" data-provider="billPayData" finished-at="2026-06-11T16:40:53 IST" duration-ms="3914" status="PASS">
          <params>
            <param index="0">
              <value>
                <![CDATA[Pankaj]]>
              </value>
            </param>
            <param index="1">
              <value>
                <![CDATA[Vishwakarma]]>
              </value>
            </param>
            <param index="2">
              <value>
                <![CDATA[Street 1]]>
              </value>
            </param>
            <param index="3">
              <value>
                <![CDATA[Lucknow]]>
              </value>
            </param>
            <param index="4">
              <value>
                <![CDATA[UP]]>
              </value>
            </param>
            <param index="5">
              <value>
                <![CDATA[226001]]>
              </value>
            </param>
            <param index="6">
              <value>
                <![CDATA[9999999999]]>
              </value>
            </param>
            <param index="7">
              <value>
                <![CDATA[123456789]]>
              </value>
            </param>
            <param index="8">
              <value>
                <![CDATA[testuser]]>
              </value>
            </param>
            <param index="9">
              <value>
                <![CDATA[Test@123]]>
              </value>
            </param>
            <param index="10">
              <value>
                <![CDATA[12345]]>
              </value>
            </param>
            <param index="11">
              <value>
                <![CDATA[5]]>
              </value>
            </param>
          </params>
          <reporter-output>
          </reporter-output>
        </test-method> <!-- billPaymentTest -->
        <test-method is-config="true" signature="tearDown()[pri:0, instance:test.ParaBankTest@201b6b6f]" started-at="2026-06-11T16:40:53 IST" name="tearDown" finished-at="2026-06-11T16:40:53 IST" duration-ms="87" status="PASS">
          <reporter-output>
          </reporter-output>
        </test-method> <!-- tearDown -->
        <test-method is-config="true" signature="setUp(java.lang.String)[pri:0, instance:test.ParaBankTest@201b6b6f]" started-at="2026-06-11T16:40:53 IST" name="setUp" finished-at="2026-06-11T16:40:55 IST" duration-ms="2180" status="PASS">
          <params>
            <param index="0">
              <value>
                <![CDATA[]]>
              </value>
            </param>
          </params>
          <reporter-output>
          </reporter-output>
        </test-method> <!-- setUp -->
        <test-method signature="findTransactionTest(java.lang.String,java.lang.String,java.lang.String,java.lang.String,java.lang.String,java.lang.String,java.lang.String,java.lang.String,java.lang.String,java.lang.String,java.lang.String)[pri:7, instance:test.ParaBankTest@201b6b6f]" started-at="2026-06-11T16:40:55 IST" name="findTransactionTest" data-provider="findTransactionData" finished-at="2026-06-11T16:41:00 IST" duration-ms="4778" status="PASS">
          <params>
            <param index="0">
              <value>
                <![CDATA[Pankaj]]>
              </value>
            </param>
            <param index="1">
              <value>
                <![CDATA[Vishwakarma]]>
              </value>
            </param>
            <param index="2">
              <value>
                <![CDATA[Street 1]]>
              </value>
            </param>
            <param index="3">
              <value>
                <![CDATA[Lucknow]]>
              </value>
            </param>
            <param index="4">
              <value>
                <![CDATA[UP]]>
              </value>
            </param>
            <param index="5">
              <value>
                <![CDATA[226001]]>
              </value>
            </param>
            <param index="6">
              <value>
                <![CDATA[9999999999]]>
              </value>
            </param>
            <param index="7">
              <value>
                <![CDATA[123456789]]>
              </value>
            </param>
            <param index="8">
              <value>
                <![CDATA[testuser]]>
              </value>
            </param>
            <param index="9">
              <value>
                <![CDATA[Test@123]]>
              </value>
            </param>
            <param index="10">
              <value>
                <![CDATA[10]]>
              </value>
            </param>
          </params>
          <reporter-output>
          </reporter-output>
        </test-method> <!-- findTransactionTest -->
        <test-method is-config="true" signature="tearDown()[pri:0, instance:test.ParaBankTest@201b6b6f]" started-at="2026-06-11T16:41:00 IST" name="tearDown" finished-at="2026-06-11T16:41:00 IST" duration-ms="88" status="PASS">
          <reporter-output>
          </reporter-output>
        </test-method> <!-- tearDown -->
        <test-method is-config="true" signature="setUp(java.lang.String)[pri:0, instance:test.ParaBankTest@201b6b6f]" started-at="2026-06-11T16:41:00 IST" name="setUp" finished-at="2026-06-11T16:41:02 IST" duration-ms="1674" status="PASS">
          <params>
            <param index="0">
              <value>
                <![CDATA[]]>
              </value>
            </param>
          </params>
          <reporter-output>
          </reporter-output>
        </test-method> <!-- setUp -->
        <test-method signature="updateContactInfoTest(java.lang.String,java.lang.String,java.lang.String,java.lang.String,java.lang.String,java.lang.String,java.lang.String,java.lang.String,java.lang.String,java.lang.String,java.lang.String,java.lang.String,java.lang.String,java.lang.String,java.lang.String,java.lang.String,java.lang.String)[pri:8, instance:test.ParaBankTest@201b6b6f]" started-at="2026-06-11T16:41:02 IST" name="updateContactInfoTest" data-provider="updateContactData" finished-at="2026-06-11T16:41:06 IST" duration-ms="3877" status="PASS">
          <params>
            <param index="0">
              <value>
                <![CDATA[Pankaj]]>
              </value>
            </param>
            <param index="1">
              <value>
                <![CDATA[Vishwakarma]]>
              </value>
            </param>
            <param index="2">
              <value>
                <![CDATA[Street 1]]>
              </value>
            </param>
            <param index="3">
              <value>
                <![CDATA[Lucknow]]>
              </value>
            </param>
            <param index="4">
              <value>
                <![CDATA[UP]]>
              </value>
            </param>
            <param index="5">
              <value>
                <![CDATA[226001]]>
              </value>
            </param>
            <param index="6">
              <value>
                <![CDATA[9999999999]]>
              </value>
            </param>
            <param index="7">
              <value>
                <![CDATA[123456789]]>
              </value>
            </param>
            <param index="8">
              <value>
                <![CDATA[testuser]]>
              </value>
            </param>
            <param index="9">
              <value>
                <![CDATA[Test@123]]>
              </value>
            </param>
            <param index="10">
              <value>
                <![CDATA[Pankaj]]>
              </value>
            </param>
            <param index="11">
              <value>
                <![CDATA[Vishwakarma]]>
              </value>
            </param>
            <param index="12">
              <value>
                <![CDATA[Updated Street 2]]>
              </value>
            </param>
            <param index="13">
              <value>
                <![CDATA[Lucknow]]>
              </value>
            </param>
            <param index="14">
              <value>
                <![CDATA[UP]]>
              </value>
            </param>
            <param index="15">
              <value>
                <![CDATA[226002]]>
              </value>
            </param>
            <param index="16">
              <value>
                <![CDATA[8888888888]]>
              </value>
            </param>
          </params>
          <reporter-output>
          </reporter-output>
        </test-method> <!-- updateContactInfoTest -->
        <test-method is-config="true" signature="tearDown()[pri:0, instance:test.ParaBankTest@201b6b6f]" started-at="2026-06-11T16:41:06 IST" name="tearDown" finished-at="2026-06-11T16:41:06 IST" duration-ms="89" status="PASS">
          <reporter-output>
          </reporter-output>
        </test-method> <!-- tearDown -->
        <test-method is-config="true" signature="setUp(java.lang.String)[pri:0, instance:test.ParaBankTest@201b6b6f]" started-at="2026-06-11T16:41:06 IST" name="setUp" finished-at="2026-06-11T16:41:07 IST" duration-ms="1609" status="PASS">
          <params>
            <param index="0">
              <value>
                <![CDATA[]]>
              </value>
            </param>
          </params>
          <reporter-output>
          </reporter-output>
        </test-method> <!-- setUp -->
        <test-method signature="requestLoanTest(java.lang.String,java.lang.String,java.lang.String,java.lang.String,java.lang.String,java.lang.String,java.lang.String,java.lang.String,java.lang.String,java.lang.String,java.lang.String,java.lang.String)[pri:9, instance:test.ParaBankTest@201b6b6f]" started-at="2026-06-11T16:41:07 IST" name="requestLoanTest" data-provider="loanData" finished-at="2026-06-11T16:41:11 IST" duration-ms="3323" status="PASS">
          <params>
            <param index="0">
              <value>
                <![CDATA[Pankaj]]>
              </value>
            </param>
            <param index="1">
              <value>
                <![CDATA[Vishwakarma]]>
              </value>
            </param>
            <param index="2">
              <value>
                <![CDATA[Street 1]]>
              </value>
            </param>
            <param index="3">
              <value>
                <![CDATA[Lucknow]]>
              </value>
            </param>
            <param index="4">
              <value>
                <![CDATA[UP]]>
              </value>
            </param>
            <param index="5">
              <value>
                <![CDATA[226001]]>
              </value>
            </param>
            <param index="6">
              <value>
                <![CDATA[9999999999]]>
              </value>
            </param>
            <param index="7">
              <value>
                <![CDATA[123456789]]>
              </value>
            </param>
            <param index="8">
              <value>
                <![CDATA[testuser]]>
              </value>
            </param>
            <param index="9">
              <value>
                <![CDATA[Test@123]]>
              </value>
            </param>
            <param index="10">
              <value>
                <![CDATA[100]]>
              </value>
            </param>
            <param index="11">
              <value>
                <![CDATA[10]]>
              </value>
            </param>
          </params>
          <reporter-output>
          </reporter-output>
        </test-method> <!-- requestLoanTest -->
        <test-method is-config="true" signature="tearDown()[pri:0, instance:test.ParaBankTest@201b6b6f]" started-at="2026-06-11T16:41:11 IST" name="tearDown" finished-at="2026-06-11T16:41:11 IST" duration-ms="85" status="PASS">
          <reporter-output>
          </reporter-output>
        </test-method> <!-- tearDown -->
        <test-method is-config="true" signature="setUp(java.lang.String)[pri:0, instance:test.ParaBankTest@201b6b6f]" started-at="2026-06-11T16:41:11 IST" name="setUp" finished-at="2026-06-11T16:41:14 IST" duration-ms="2820" status="PASS">
          <params>
            <param index="0">
              <value>
                <![CDATA[]]>
              </value>
            </param>
          </params>
          <reporter-output>
          </reporter-output>
        </test-method> <!-- setUp -->
        <test-method signature="logoutTest(java.lang.String,java.lang.String,java.lang.String,java.lang.String,java.lang.String,java.lang.String,java.lang.String,java.lang.String,java.lang.String,java.lang.String)[pri:10, instance:test.ParaBankTest@201b6b6f]" started-at="2026-06-11T16:41:14 IST" name="logoutTest" data-provider="registrationData" finished-at="2026-06-11T16:41:16 IST" duration-ms="2412" status="PASS">
          <params>
            <param index="0">
              <value>
                <![CDATA[Pankaj]]>
              </value>
            </param>
            <param index="1">
              <value>
                <![CDATA[Vishwakarma]]>
              </value>
            </param>
            <param index="2">
              <value>
                <![CDATA[Street 1]]>
              </value>
            </param>
            <param index="3">
              <value>
                <![CDATA[Lucknow]]>
              </value>
            </param>
            <param index="4">
              <value>
                <![CDATA[UP]]>
              </value>
            </param>
            <param index="5">
              <value>
                <![CDATA[226001]]>
              </value>
            </param>
            <param index="6">
              <value>
                <![CDATA[9999999999]]>
              </value>
            </param>
            <param index="7">
              <value>
                <![CDATA[123456789]]>
              </value>
            </param>
            <param index="8">
              <value>
                <![CDATA[testuser]]>
              </value>
            </param>
            <param index="9">
              <value>
                <![CDATA[Test@123]]>
              </value>
            </param>
          </params>
          <reporter-output>
          </reporter-output>
        </test-method> <!-- logoutTest -->
        <test-method is-config="true" signature="tearDown()[pri:0, instance:test.ParaBankTest@201b6b6f]" started-at="2026-06-11T16:41:16 IST" name="tearDown" finished-at="2026-06-11T16:41:16 IST" duration-ms="94" status="PASS">
          <reporter-output>
          </reporter-output>
        </test-method> <!-- tearDown -->
      </class> <!-- test.ParaBankTest -->
    </test> <!-- Default test -->
  </suite> <!-- Default suite -->
</testng-results>
