<?xml version="1.0" encoding="UTF-8"?>
<testng-results ignored="0" total="12" passed="11" failed="1" skipped="0">
  <reporter-output>
  </reporter-output>
  <suite started-at="2026-06-10T10:01:53 IST" name="ParaBank Selenium TestNG Suite" finished-at="2026-06-10T10:03:31 IST" duration-ms="98047">
    <groups>
      <group name="negative">
        <method signature="ParaBankTest.invalidLoginTest(java.lang.String,java.lang.String)[pri:2, instance:test.ParaBankTest@3e5499cc]" name="invalidLoginTest" class="test.ParaBankTest"/>
      </group> <!-- negative -->
      <group name="account-services">
        <method signature="ParaBankTest.findTransactionTest()[pri:7, instance:test.ParaBankTest@3e5499cc]" name="findTransactionTest" class="test.ParaBankTest"/>
        <method signature="ParaBankTest.updateContactInfoTest()[pri:8, instance:test.ParaBankTest@3e5499cc]" name="updateContactInfoTest" class="test.ParaBankTest"/>
        <method signature="ParaBankTest.requestLoanTest()[pri:9, instance:test.ParaBankTest@3e5499cc]" name="requestLoanTest" class="test.ParaBankTest"/>
      </group> <!-- account-services -->
      <group name="regression">
        <method signature="ParaBankTest.openNewSavingsAccountTest()[pri:4, instance:test.ParaBankTest@3e5499cc]" name="openNewSavingsAccountTest" class="test.ParaBankTest"/>
        <method signature="ParaBankTest.transferFundsTest()[pri:5, instance:test.ParaBankTest@3e5499cc]" name="transferFundsTest" class="test.ParaBankTest"/>
        <method signature="ParaBankTest.billPaymentTest()[pri:6, instance:test.ParaBankTest@3e5499cc]" name="billPaymentTest" class="test.ParaBankTest"/>
        <method signature="ParaBankTest.findTransactionTest()[pri:7, instance:test.ParaBankTest@3e5499cc]" name="findTransactionTest" class="test.ParaBankTest"/>
        <method signature="ParaBankTest.updateContactInfoTest()[pri:8, instance:test.ParaBankTest@3e5499cc]" name="updateContactInfoTest" class="test.ParaBankTest"/>
        <method signature="ParaBankTest.requestLoanTest()[pri:9, instance:test.ParaBankTest@3e5499cc]" name="requestLoanTest" class="test.ParaBankTest"/>
      </group> <!-- regression -->
      <group name="smoke">
        <method signature="ParaBankTest.registerNewCustomer(java.lang.String,java.lang.String,java.lang.String,java.lang.String,java.lang.String,java.lang.String,java.lang.String,java.lang.String,java.lang.String,java.lang.String)[pri:1, instance:test.ParaBankTest@3e5499cc]" name="registerNewCustomer" class="test.ParaBankTest"/>
        <method signature="ParaBankTest.validLoginTest()[pri:3, instance:test.ParaBankTest@3e5499cc]" name="validLoginTest" class="test.ParaBankTest"/>
        <method signature="ParaBankTest.logoutTest()[pri:10, instance:test.ParaBankTest@3e5499cc]" name="logoutTest" class="test.ParaBankTest"/>
      </group> <!-- smoke -->
      <group name="registration">
        <method signature="ParaBankTest.registerNewCustomer(java.lang.String,java.lang.String,java.lang.String,java.lang.String,java.lang.String,java.lang.String,java.lang.String,java.lang.String,java.lang.String,java.lang.String)[pri:1, instance:test.ParaBankTest@3e5499cc]" name="registerNewCustomer" class="test.ParaBankTest"/>
      </group> <!-- registration -->
      <group name="login">
        <method signature="ParaBankTest.validLoginTest()[pri:3, instance:test.ParaBankTest@3e5499cc]" name="validLoginTest" class="test.ParaBankTest"/>
      </group> <!-- login -->
    </groups>
    <test started-at="2026-06-10T10:01:53 IST" name="ParaBank Regression Tests" finished-at="2026-06-10T10:03:31 IST" duration-ms="98047">
      <class name="test.ParaBankTest">
        <test-method is-config="true" signature="setUp(java.lang.String)[pri:0, instance:test.ParaBankTest@3e5499cc]" started-at="2026-06-10T10:01:53 IST" name="setUp" finished-at="2026-06-10T10:02:01 IST" duration-ms="7404" status="PASS">
          <params>
            <param index="0">
              <value>
                <![CDATA[chrome]]>
              </value>
            </param>
          </params>
          <reporter-output>
          </reporter-output>
        </test-method> <!-- setUp -->
        <test-method signature="registerNewCustomer(java.lang.String,java.lang.String,java.lang.String,java.lang.String,java.lang.String,java.lang.String,java.lang.String,java.lang.String,java.lang.String,java.lang.String)[pri:1, instance:test.ParaBankTest@3e5499cc]" started-at="2026-06-10T10:02:01 IST" name="registerNewCustomer" data-provider="registrationData" finished-at="2026-06-10T10:02:04 IST" duration-ms="3053" status="PASS">
          <params>
            <param index="0">
              <value>
                <![CDATA[Pankaj]]>
              </value>
            </param>
            <param index="1">
              <value>
                <![CDATA[Vishwakarma]]>
              </value>
            </param>
            <param index="2">
              <value>
                <![CDATA[Street 1]]>
              </value>
            </param>
            <param index="3">
              <value>
                <![CDATA[Lucknow]]>
              </value>
            </param>
            <param index="4">
              <value>
                <![CDATA[UP]]>
              </value>
            </param>
            <param index="5">
              <value>
                <![CDATA[226001]]>
              </value>
            </param>
            <param index="6">
              <value>
                <![CDATA[9999999999]]>
              </value>
            </param>
            <param index="7">
              <value>
                <![CDATA[123456789]]>
              </value>
            </param>
            <param index="8">
              <value>
                <![CDATA[pankaj_auto]]>
              </value>
            </param>
            <param index="9">
              <value>
                <![CDATA[Test@123]]>
              </value>
            </param>
          </params>
          <reporter-output>
          </reporter-output>
        </test-method> <!-- registerNewCustomer -->
        <test-method is-config="true" signature="tearDown()[pri:0, instance:test.ParaBankTest@3e5499cc]" started-at="2026-06-10T10:02:04 IST" name="tearDown" finished-at="2026-06-10T10:02:04 IST" duration-ms="93" status="PASS">
          <reporter-output>
          </reporter-output>
        </test-method> <!-- tearDown -->
        <test-method is-config="true" signature="setUp(java.lang.String)[pri:0, instance:test.ParaBankTest@3e5499cc]" started-at="2026-06-10T10:02:04 IST" name="setUp" finished-at="2026-06-10T10:02:05 IST" duration-ms="1653" status="PASS">
          <params>
            <param index="0">
              <value>
                <![CDATA[chrome]]>
              </value>
            </param>
          </params>
          <reporter-output>
          </reporter-output>
        </test-method> <!-- setUp -->
        <test-method signature="invalidLoginTest(java.lang.String,java.lang.String)[pri:2, instance:test.ParaBankTest@3e5499cc]" started-at="2026-06-10T10:02:05 IST" name="invalidLoginTest" data-provider="invalidLoginData" finished-at="2026-06-10T10:02:07 IST" duration-ms="2046" status="PASS">
          <params>
            <param index="0">
              <value>
                <![CDATA[wrong_User]]>
              </value>
            </param>
            <param index="1">
              <value>
                <![CDATA[wrong_Pass]]>
              </value>
            </param>
          </params>
          <reporter-output>
          </reporter-output>
        </test-method> <!-- invalidLoginTest -->
        <test-method is-config="true" signature="tearDown()[pri:0, instance:test.ParaBankTest@3e5499cc]" started-at="2026-06-10T10:02:07 IST" name="tearDown" finished-at="2026-06-10T10:02:08 IST" duration-ms="89" status="PASS">
          <reporter-output>
          </reporter-output>
        </test-method> <!-- tearDown -->
        <test-method is-config="true" signature="setUp(java.lang.String)[pri:0, instance:test.ParaBankTest@3e5499cc]" started-at="2026-06-10T10:02:08 IST" name="setUp" finished-at="2026-06-10T10:02:11 IST" duration-ms="3686" status="PASS">
          <params>
            <param index="0">
              <value>
                <![CDATA[chrome]]>
              </value>
            </param>
          </params>
          <reporter-output>
          </reporter-output>
        </test-method> <!-- setUp -->
        <test-method signature="invalidLoginTest(java.lang.String,java.lang.String)[pri:2, instance:test.ParaBankTest@3e5499cc]" started-at="2026-06-10T10:02:11 IST" name="invalidLoginTest" data-provider="invalidLoginData" finished-at="2026-06-10T10:02:12 IST" duration-ms="735" status="PASS">
          <params>
            <param index="0">
              <value>
                <![CDATA[]]>
              </value>
            </param>
            <param index="1">
              <value>
                <![CDATA[wrong_Pass]]>
              </value>
            </param>
          </params>
          <reporter-output>
          </reporter-output>
        </test-method> <!-- invalidLoginTest -->
        <test-method is-config="true" signature="tearDown()[pri:0, instance:test.ParaBankTest@3e5499cc]" started-at="2026-06-10T10:02:12 IST" name="tearDown" finished-at="2026-06-10T10:02:12 IST" duration-ms="87" status="PASS">
          <reporter-output>
          </reporter-output>
        </test-method> <!-- tearDown -->
        <test-method is-config="true" signature="setUp(java.lang.String)[pri:0, instance:test.ParaBankTest@3e5499cc]" started-at="2026-06-10T10:02:12 IST" name="setUp" finished-at="2026-06-10T10:02:13 IST" duration-ms="1181" status="PASS">
          <params>
            <param index="0">
              <value>
                <![CDATA[chrome]]>
              </value>
            </param>
          </params>
          <reporter-output>
          </reporter-output>
        </test-method> <!-- setUp -->
        <test-method signature="invalidLoginTest(java.lang.String,java.lang.String)[pri:2, instance:test.ParaBankTest@3e5499cc]" started-at="2026-06-10T10:02:13 IST" name="invalidLoginTest" data-provider="invalidLoginData" finished-at="2026-06-10T10:02:15 IST" duration-ms="2016" status="PASS">
          <params>
            <param index="0">
              <value>
                <![CDATA[wrongUser_]]>
              </value>
            </param>
            <param index="1">
              <value>
                <![CDATA[]]>
              </value>
            </param>
          </params>
          <reporter-output>
          </reporter-output>
        </test-method> <!-- invalidLoginTest -->
        <test-method is-config="true" signature="tearDown()[pri:0, instance:test.ParaBankTest@3e5499cc]" started-at="2026-06-10T10:02:15 IST" name="tearDown" finished-at="2026-06-10T10:02:15 IST" duration-ms="93" status="PASS">
          <reporter-output>
          </reporter-output>
        </test-method> <!-- tearDown -->
        <test-method is-config="true" signature="setUp(java.lang.String)[pri:0, instance:test.ParaBankTest@3e5499cc]" started-at="2026-06-10T10:02:15 IST" name="setUp" finished-at="2026-06-10T10:02:17 IST" duration-ms="1578" status="PASS">
          <params>
            <param index="0">
              <value>
                <![CDATA[chrome]]>
              </value>
            </param>
          </params>
          <reporter-output>
          </reporter-output>
        </test-method> <!-- setUp -->
        <test-method signature="validLoginTest()[pri:3, instance:test.ParaBankTest@3e5499cc]" started-at="2026-06-10T10:02:17 IST" name="validLoginTest" finished-at="2026-06-10T10:02:20 IST" duration-ms="3387" status="PASS">
          <reporter-output>
          </reporter-output>
        </test-method> <!-- validLoginTest -->
        <test-method is-config="true" signature="tearDown()[pri:0, instance:test.ParaBankTest@3e5499cc]" started-at="2026-06-10T10:02:20 IST" name="tearDown" finished-at="2026-06-10T10:02:20 IST" duration-ms="86" status="PASS">
          <reporter-output>
          </reporter-output>
        </test-method> <!-- tearDown -->
        <test-method is-config="true" signature="setUp(java.lang.String)[pri:0, instance:test.ParaBankTest@3e5499cc]" started-at="2026-06-10T10:02:20 IST" name="setUp" finished-at="2026-06-10T10:02:22 IST" duration-ms="1625" status="PASS">
          <params>
            <param index="0">
              <value>
                <![CDATA[chrome]]>
              </value>
            </param>
          </params>
          <reporter-output>
          </reporter-output>
        </test-method> <!-- setUp -->
        <test-method signature="openNewSavingsAccountTest()[pri:4, instance:test.ParaBankTest@3e5499cc]" started-at="2026-06-10T10:02:22 IST" name="openNewSavingsAccountTest" finished-at="2026-06-10T10:02:26 IST" duration-ms="4194" status="PASS">
          <reporter-output>
          </reporter-output>
        </test-method> <!-- openNewSavingsAccountTest -->
        <test-method is-config="true" signature="tearDown()[pri:0, instance:test.ParaBankTest@3e5499cc]" started-at="2026-06-10T10:02:26 IST" name="tearDown" finished-at="2026-06-10T10:02:26 IST" duration-ms="88" status="PASS">
          <reporter-output>
          </reporter-output>
        </test-method> <!-- tearDown -->
        <test-method is-config="true" signature="setUp(java.lang.String)[pri:0, instance:test.ParaBankTest@3e5499cc]" started-at="2026-06-10T10:02:26 IST" name="setUp" finished-at="2026-06-10T10:02:29 IST" duration-ms="2470" status="PASS">
          <params>
            <param index="0">
              <value>
                <![CDATA[chrome]]>
              </value>
            </param>
          </params>
          <reporter-output>
          </reporter-output>
        </test-method> <!-- setUp -->
        <test-method signature="transferFundsTest()[pri:5, instance:test.ParaBankTest@3e5499cc]" started-at="2026-06-10T10:02:29 IST" name="transferFundsTest" finished-at="2026-06-10T10:02:46 IST" duration-ms="17613" status="FAIL">
          <exception class="org.openqa.selenium.NoSuchElementException">
            <message>
              <![CDATA[Cannot locate option with index: 0
For documentation on this error, please visit: https://www.selenium.dev/documentation/webdriver/troubleshooting/errors#no-such-element-exception
Build info: version: '4.27.0', revision: 'd6e718d134'
System info: os.name: 'Mac OS X', os.arch: 'aarch64', os.version: '15.7.3', java.version: '26'
Driver info: driver.version: unknown]]>
            </message>
            <full-stacktrace>
              <![CDATA[org.openqa.selenium.NoSuchElementException: Cannot locate option with index: 0
For documentation on this error, please visit: https://www.selenium.dev/documentation/webdriver/troubleshooting/errors#no-such-element-exception
Build info: version: '4.27.0', revision: 'd6e718d134'
System info: os.name: 'Mac OS X', os.arch: 'aarch64', os.version: '15.7.3', java.version: '26'
Driver info: driver.version: unknown
at org.openqa.selenium.support.ui.Select.setSelectedByIndex(Select.java:407)
at org.openqa.selenium.support.ui.Select.selectByIndex(Select.java:262)
at pages.TransferFundsPage.transfer(TransferFundsPage.java:33)
at test.ParaBankTest.transferFundsTest(ParaBankTest.java:155)
at java.base/jdk.internal.reflect.DirectMethodHandleAccessor.invoke(DirectMethodHandleAccessor.java:104)
at java.base/java.lang.reflect.Method.invoke(Method.java:565)
at org.testng.internal.invokers.MethodInvocationHelper.invokeMethod(MethodInvocationHelper.java:141)
at org.testng.internal.invokers.TestInvoker.invokeMethod(TestInvoker.java:686)
at org.testng.internal.invokers.TestInvoker.invokeTestMethod(TestInvoker.java:230)
at org.testng.internal.invokers.MethodRunner.runInSequence(MethodRunner.java:63)
at org.testng.internal.invokers.TestInvoker$MethodInvocationAgent.invoke(TestInvoker.java:992)
at org.testng.internal.invokers.TestInvoker.invokeTestMethods(TestInvoker.java:203)
at org.testng.internal.invokers.TestMethodWorker.invokeTestMethods(TestMethodWorker.java:154)
at org.testng.internal.invokers.TestMethodWorker.run(TestMethodWorker.java:134)
at java.base/java.util.ArrayList.forEach(ArrayList.java:1612)
at org.testng.TestRunner.privateRun(TestRunner.java:739)
at org.testng.TestRunner.run(TestRunner.java:614)
at org.testng.SuiteRunner.runTest(SuiteRunner.java:421)
at org.testng.SuiteRunner.runSequentially(SuiteRunner.java:413)
at org.testng.SuiteRunner.privateRun(SuiteRunner.java:373)
at org.testng.SuiteRunner.run(SuiteRunner.java:312)
at org.testng.SuiteRunnerWorker.runSuite(SuiteRunnerWorker.java:52)
at org.testng.SuiteRunnerWorker.run(SuiteRunnerWorker.java:95)
at org.testng.TestNG.runSuitesSequentially(TestNG.java:1274)
at org.testng.TestNG.runSuitesLocally(TestNG.java:1208)
at org.testng.TestNG.runSuites(TestNG.java:1112)
at org.testng.TestNG.run(TestNG.java:1079)
at org.testng.remote.AbstractRemoteTestNG.run(AbstractRemoteTestNG.java:115)
at org.testng.remote.RemoteTestNG.initAndRun(RemoteTestNG.java:293)
at org.testng.remote.RemoteTestNG.main(RemoteTestNG.java:91)
]]>
            </full-stacktrace>
          </exception> <!-- org.openqa.selenium.NoSuchElementException -->
          <reporter-output>
          </reporter-output>
        </test-method> <!-- transferFundsTest -->
        <test-method is-config="true" signature="tearDown()[pri:0, instance:test.ParaBankTest@3e5499cc]" started-at="2026-06-10T10:02:47 IST" name="tearDown" finished-at="2026-06-10T10:03:01 IST" duration-ms="14798" status="PASS">
          <reporter-output>
          </reporter-output>
        </test-method> <!-- tearDown -->
        <test-method is-config="true" signature="setUp(java.lang.String)[pri:0, instance:test.ParaBankTest@3e5499cc]" started-at="2026-06-10T10:03:01 IST" name="setUp" finished-at="2026-06-10T10:03:05 IST" duration-ms="3326" status="PASS">
          <params>
            <param index="0">
              <value>
                <![CDATA[chrome]]>
              </value>
            </param>
          </params>
          <reporter-output>
          </reporter-output>
        </test-method> <!-- setUp -->
        <test-method signature="billPaymentTest()[pri:6, instance:test.ParaBankTest@3e5499cc]" started-at="2026-06-10T10:03:05 IST" name="billPaymentTest" finished-at="2026-06-10T10:03:08 IST" duration-ms="3017" status="PASS">
          <reporter-output>
          </reporter-output>
        </test-method> <!-- billPaymentTest -->
        <test-method is-config="true" signature="tearDown()[pri:0, instance:test.ParaBankTest@3e5499cc]" started-at="2026-06-10T10:03:08 IST" name="tearDown" finished-at="2026-06-10T10:03:08 IST" duration-ms="86" status="PASS">
          <reporter-output>
          </reporter-output>
        </test-method> <!-- tearDown -->
        <test-method is-config="true" signature="setUp(java.lang.String)[pri:0, instance:test.ParaBankTest@3e5499cc]" started-at="2026-06-10T10:03:08 IST" name="setUp" finished-at="2026-06-10T10:03:09 IST" duration-ms="1115" status="PASS">
          <params>
            <param index="0">
              <value>
                <![CDATA[chrome]]>
              </value>
            </param>
          </params>
          <reporter-output>
          </reporter-output>
        </test-method> <!-- setUp -->
        <test-method signature="findTransactionTest()[pri:7, instance:test.ParaBankTest@3e5499cc]" started-at="2026-06-10T10:03:09 IST" name="findTransactionTest" finished-at="2026-06-10T10:03:14 IST" duration-ms="5389" status="PASS">
          <reporter-output>
          </reporter-output>
        </test-method> <!-- findTransactionTest -->
        <test-method is-config="true" signature="tearDown()[pri:0, instance:test.ParaBankTest@3e5499cc]" started-at="2026-06-10T10:03:14 IST" name="tearDown" finished-at="2026-06-10T10:03:14 IST" duration-ms="90" status="PASS">
          <reporter-output>
          </reporter-output>
        </test-method> <!-- tearDown -->
        <test-method is-config="true" signature="setUp(java.lang.String)[pri:0, instance:test.ParaBankTest@3e5499cc]" started-at="2026-06-10T10:03:14 IST" name="setUp" finished-at="2026-06-10T10:03:16 IST" duration-ms="1429" status="PASS">
          <params>
            <param index="0">
              <value>
                <![CDATA[chrome]]>
              </value>
            </param>
          </params>
          <reporter-output>
          </reporter-output>
        </test-method> <!-- setUp -->
        <test-method signature="updateContactInfoTest()[pri:8, instance:test.ParaBankTest@3e5499cc]" started-at="2026-06-10T10:03:16 IST" name="updateContactInfoTest" finished-at="2026-06-10T10:03:20 IST" duration-ms="4531" status="PASS">
          <reporter-output>
          </reporter-output>
        </test-method> <!-- updateContactInfoTest -->
        <test-method is-config="true" signature="tearDown()[pri:0, instance:test.ParaBankTest@3e5499cc]" started-at="2026-06-10T10:03:20 IST" name="tearDown" finished-at="2026-06-10T10:03:20 IST" duration-ms="84" status="PASS">
          <reporter-output>
          </reporter-output>
        </test-method> <!-- tearDown -->
        <test-method is-config="true" signature="setUp(java.lang.String)[pri:0, instance:test.ParaBankTest@3e5499cc]" started-at="2026-06-10T10:03:20 IST" name="setUp" finished-at="2026-06-10T10:03:24 IST" duration-ms="3145" status="PASS">
          <params>
            <param index="0">
              <value>
                <![CDATA[chrome]]>
              </value>
            </param>
          </params>
          <reporter-output>
          </reporter-output>
        </test-method> <!-- setUp -->
        <test-method signature="requestLoanTest()[pri:9, instance:test.ParaBankTest@3e5499cc]" started-at="2026-06-10T10:03:24 IST" name="requestLoanTest" finished-at="2026-06-10T10:03:26 IST" duration-ms="2283" status="PASS">
          <reporter-output>
          </reporter-output>
        </test-method> <!-- requestLoanTest -->
        <test-method is-config="true" signature="tearDown()[pri:0, instance:test.ParaBankTest@3e5499cc]" started-at="2026-06-10T10:03:26 IST" name="tearDown" finished-at="2026-06-10T10:03:26 IST" duration-ms="82" status="PASS">
          <reporter-output>
          </reporter-output>
        </test-method> <!-- tearDown -->
        <test-method is-config="true" signature="setUp(java.lang.String)[pri:0, instance:test.ParaBankTest@3e5499cc]" started-at="2026-06-10T10:03:26 IST" name="setUp" finished-at="2026-06-10T10:03:27 IST" duration-ms="1090" status="PASS">
          <params>
            <param index="0">
              <value>
                <![CDATA[chrome]]>
              </value>
            </param>
          </params>
          <reporter-output>
          </reporter-output>
        </test-method> <!-- setUp -->
        <test-method signature="logoutTest()[pri:10, instance:test.ParaBankTest@3e5499cc]" started-at="2026-06-10T10:03:27 IST" name="logoutTest" finished-at="2026-06-10T10:03:31 IST" duration-ms="3964" status="PASS">
          <reporter-output>
          </reporter-output>
        </test-method> <!-- logoutTest -->
        <test-method is-config="true" signature="tearDown()[pri:0, instance:test.ParaBankTest@3e5499cc]" started-at="2026-06-10T10:03:31 IST" name="tearDown" finished-at="2026-06-10T10:03:31 IST" duration-ms="83" status="PASS">
          <reporter-output>
          </reporter-output>
        </test-method> <!-- tearDown -->
      </class> <!-- test.ParaBankTest -->
    </test> <!-- ParaBank Regression Tests -->
  </suite> <!-- ParaBank Selenium TestNG Suite -->
</testng-results>
