<?xml version="1.0" encoding="UTF-8"?>
<!-- Generated by org.testng.reporters.JUnitXMLReporter -->
<testsuite ignored="0" hostname="Pankajs-MacBook-Air-2.local" failures="0" tests="4" name="Chrome Negative Tests" time="25.26" errors="0" timestamp="2026-06-08T18:25:47 IST">
  <testcase classname="test.NegativeTest" name="bug001_transferFundsAllowsNegativeAmount" time="3.249"/>
  <testcase classname="test.NegativeTest" name="bug002_billPaymentAllowsNegativeAmount" time="3.923"/>
  <testcase classname="test.NegativeTest" name="bug003_transferFundsAllowsSameSourceAndDestinationAccount" time="3.957"/>
  <testcase classname="test.NegativeTest" name="bug004_billPayAcceptsMismatchedAccountNumbers" time="4.428"/>
</testsuite> <!-- Chrome Negative Tests -->
