<?xml version="1.0" encoding="UTF-8"?>
<!-- Generated by org.testng.reporters.JUnitXMLReporter -->
<testsuite ignored="0" hostname="Pankajs-MacBook-Air-2.local" failures="0" tests="4" name="Safari Negative Tests" time="54.955" errors="0" timestamp="2026-06-08T13:36:45 IST">
  <testcase classname="test.NegativeTest" name="bug001_transferFundsAllowsNegativeAmount" time="0.002">
    <skipped/>
  </testcase> <!-- bug001_transferFundsAllowsNegativeAmount -->
  <testcase classname="test.NegativeTest" name="bug002_billPaymentAllowsNegativeAmount" time="0.0">
    <skipped/>
  </testcase> <!-- bug002_billPaymentAllowsNegativeAmount -->
  <testcase classname="test.NegativeTest" name="bug003_transferFundsAllowsSameSourceAndDestinationAccount" time="0.0">
    <skipped/>
  </testcase> <!-- bug003_transferFundsAllowsSameSourceAndDestinationAccount -->
  <testcase classname="test.NegativeTest" name="bug004_billPayAcceptsMismatchedAccountNumbers" time="0.0">
    <skipped/>
  </testcase> <!-- bug004_billPayAcceptsMismatchedAccountNumbers -->
</testsuite> <!-- Safari Negative Tests -->
