<?xml version="1.0" encoding="UTF-8"?>
<!-- Generated by org.testng.reporters.JUnitXMLReporter -->
<testsuite ignored="0" hostname="Pankajs-MacBook-Air-2.local" failures="0" tests="12" name="Default test" time="63.38" errors="0" timestamp="2026-06-11T16:41:16 IST">
  <testcase classname="test.ParaBankTest" name="registerNewCustomer" time="1.986"/>
  <testcase classname="test.ParaBankTest" name="invalidLoginTest" time="1.992"/>
  <testcase classname="test.ParaBankTest" name="invalidLoginTest" time="2.062"/>
  <testcase classname="test.ParaBankTest" name="invalidLoginTest" time="2.254"/>
  <testcase classname="test.ParaBankTest" name="validLoginTest" time="2.349"/>
  <testcase classname="test.ParaBankTest" name="openNewSavingsAccountTest" time="2.27"/>
  <testcase classname="test.ParaBankTest" name="transferFundsTest" time="4.164"/>
  <testcase classname="test.ParaBankTest" name="billPaymentTest" time="3.914"/>
  <testcase classname="test.ParaBankTest" name="findTransactionTest" time="4.778"/>
  <testcase classname="test.ParaBankTest" name="updateContactInfoTest" time="3.877"/>
  <testcase classname="test.ParaBankTest" name="requestLoanTest" time="3.323"/>
  <testcase classname="test.ParaBankTest" name="logoutTest" time="2.412"/>
</testsuite> <!-- Default test -->
