<?xml version="1.0" encoding="UTF-8"?>
<!-- Generated by org.testng.reporters.JUnitXMLReporter -->
<testsuite ignored="3" hostname="Pankajs-MacBook-Air-2.local" failures="0" tests="1" name="Default test" time="9.902" errors="0" timestamp="2026-06-08T22:28:24 IST">
  <testcase classname="test.NegativeTest" name="bug004_requestLoanAllowsNegativeDownPayment" time="6.109"/>
  <testcase classname="test.NegativeTest" name="bug001_transferFundsAllowsNegativeAmount" time="0.0">
    <ignored/>
  </testcase> <!-- bug001_transferFundsAllowsNegativeAmount -->
  <testcase classname="test.NegativeTest" name="bug002_billPaymentAllowsNegativeAmount" time="0.0">
    <ignored/>
  </testcase> <!-- bug002_billPaymentAllowsNegativeAmount -->
  <testcase classname="test.NegativeTest" name="bug003_transferFundsAllowsSameSourceAndDestinationAccount" time="0.0">
    <ignored/>
  </testcase> <!-- bug003_transferFundsAllowsSameSourceAndDestinationAccount -->
</testsuite> <!-- Default test -->
