<?xml version="1.0" encoding="UTF-8"?>
<!-- Generated by org.testng.reporters.JUnitReportReporter -->
<testsuite hostname="Pankajs-MacBook-Air-2.local" failures="0" tests="12" name="test.ParaBankTest" time="63.208" errors="0" timestamp="2026-06-11T16:41:16 IST" skipped="0">
  <testcase classname="test.ParaBankTest" name="registerNewCustomer" time="3.682"/>
  <testcase classname="test.ParaBankTest" name="invalidLoginTest" time="3.833"/>
  <testcase classname="test.ParaBankTest" name="invalidLoginTest" time="4.041"/>
  <testcase classname="test.ParaBankTest" name="invalidLoginTest" time="3.749"/>
  <testcase classname="test.ParaBankTest" name="validLoginTest" time="5.642"/>
  <testcase classname="test.ParaBankTest" name="openNewSavingsAccountTest" time="6.579"/>
  <testcase classname="test.ParaBankTest" name="transferFundsTest" time="5.910"/>
  <testcase classname="test.ParaBankTest" name="billPaymentTest" time="5.565"/>
  <testcase classname="test.ParaBankTest" name="findTransactionTest" time="7.043"/>
  <testcase classname="test.ParaBankTest" name="updateContactInfoTest" time="6.887"/>
  <testcase classname="test.ParaBankTest" name="requestLoanTest" time="4.957"/>
  <testcase classname="test.ParaBankTest" name="logoutTest" time="5.320"/>
</testsuite> <!-- test.ParaBankTest -->
