<?xml version="1.0" encoding="UTF-8"?>
<!-- Generated by org.testng.reporters.JUnitReportReporter -->
<testsuite hostname="Pankajs-MacBook-Air-2.local" failures="0" tests="4" name="test.NegativeTest" time="30.116" errors="0" timestamp="2026-06-11T16:40:02 IST" skipped="0">
  <testcase classname="test.NegativeTest" name="bug001_transferFundsAllowsNegativeAmount" time="6.238"/>
  <testcase classname="test.NegativeTest" name="bug002_billPaymentAllowsNegativeAmount" time="6.020"/>
  <testcase classname="test.NegativeTest" name="bug003_transferFundsAllowsSameSourceAndDestinationAccount" time="7.135"/>
  <testcase classname="test.NegativeTest" name="bug004_requestLoanAllowsNegativeDownPayment" time="10.723"/>
</testsuite> <!-- test.NegativeTest -->
