<?xml version="1.0" encoding="UTF-8"?>
<!-- Generated by org.testng.reporters.JUnitXMLReporter -->
<testsuite ignored="0" hostname="Pankajs-MacBook-Air-2.local" failures="1" tests="12" name="ParaBank Regression Tests" time="98.047" errors="0" timestamp="2026-06-10T10:03:31 IST">
  <testcase classname="test.ParaBankTest" name="registerNewCustomer" time="3.053"/>
  <testcase classname="test.ParaBankTest" name="invalidLoginTest" time="2.046"/>
  <testcase classname="test.ParaBankTest" name="invalidLoginTest" time="0.735"/>
  <testcase classname="test.ParaBankTest" name="invalidLoginTest" time="2.016"/>
  <testcase classname="test.ParaBankTest" name="validLoginTest" time="3.387"/>
  <testcase classname="test.ParaBankTest" name="openNewSavingsAccountTest" time="4.194"/>
  <testcase classname="test.ParaBankTest" name="transferFundsTest" time="17.613">
    <failure type="org.openqa.selenium.NoSuchElementException" message="Cannot locate option with index: 0
For documentation on this error, please visit: https://www.selenium.dev/documentation/webdriver/troubleshooting/errors#no-such-element-exception
Build info: version: &amp;apos;4.27.0&amp;apos;, revision: &amp;apos;d6e718d134&amp;apos;
System info: os.name: &amp;apos;Mac OS X&amp;apos;, os.arch: &amp;apos;aarch64&amp;apos;, os.version: &amp;apos;15.7.3&amp;apos;, java.version: &amp;apos;26&amp;apos;
Driver info: driver.version: unknown">
      <![CDATA[org.openqa.selenium.NoSuchElementException: Cannot locate option with index: 0
For documentation on this error, please visit: https://www.selenium.dev/documentation/webdriver/troubleshooting/errors#no-such-element-exception
Build info: version: '4.27.0', revision: 'd6e718d134'
System info: os.name: 'Mac OS X', os.arch: 'aarch64', os.version: '15.7.3', java.version: '26'
Driver info: driver.version: unknown
at org.openqa.selenium.support.ui.Select.setSelectedByIndex(Select.java:407)
at org.openqa.selenium.support.ui.Select.selectByIndex(Select.java:262)
at pages.TransferFundsPage.transfer(TransferFundsPage.java:33)
at test.ParaBankTest.transferFundsTest(ParaBankTest.java:155)
at java.base/java.util.ArrayList.forEach(ArrayList.java:1612)
... Removed 25 stack frames]]>
    </failure>
  </testcase> <!-- transferFundsTest -->
  <testcase classname="test.ParaBankTest" name="billPaymentTest" time="3.017"/>
  <testcase classname="test.ParaBankTest" name="findTransactionTest" time="5.389"/>
  <testcase classname="test.ParaBankTest" name="updateContactInfoTest" time="4.531"/>
  <testcase classname="test.ParaBankTest" name="requestLoanTest" time="2.283"/>
  <testcase classname="test.ParaBankTest" name="logoutTest" time="3.964"/>
</testsuite> <!-- ParaBank Regression Tests -->
