<?xml version="1.0" encoding="UTF-8"?>
<!-- Generated by org.testng.reporters.JUnitXMLReporter -->
<testsuite ignored="0" hostname="Pankajs-MacBook-Air-2.local" failures="0" tests="12" name="ParaBank Regression Tests" time="75.594" errors="0" timestamp="2026-06-11T11:56:43 IST">
  <testcase classname="test.ParaBankTest" name="registerNewCustomer" time="2.713"/>
  <testcase classname="test.ParaBankTest" name="invalidLoginTest" time="2.513"/>
  <testcase classname="test.ParaBankTest" name="invalidLoginTest" time="1.797"/>
  <testcase classname="test.ParaBankTest" name="invalidLoginTest" time="0.869"/>
  <testcase classname="test.ParaBankTest" name="validLoginTest" time="2.128"/>
  <testcase classname="test.ParaBankTest" name="openNewSavingsAccountTest" time="3.154"/>
  <testcase classname="test.ParaBankTest" name="transferFundsTest" time="2.89"/>
  <testcase classname="test.ParaBankTest" name="billPaymentTest" time="6.89"/>
  <testcase classname="test.ParaBankTest" name="findTransactionTest" time="9.176"/>
  <testcase classname="test.ParaBankTest" name="updateContactInfoTest" time="3.253"/>
  <testcase classname="test.ParaBankTest" name="requestLoanTest" time="2.166"/>
  <testcase classname="test.ParaBankTest" name="logoutTest" time="3.522"/>
</testsuite> <!-- ParaBank Regression Tests -->
